Frank	Sinny	Sun	Sinny	Ball	20150101	66567
Frank	Joy	Sun	Sun	launch	20150102	29620
Frank	Sinny	Joy	Joy	fubai	20150103	82034
Frank	Sinny	Joy	Sun	fubai	20150104	36506
Frank	Joy	Sinny	Joy	travel	20150105	92218
Frank	Glinda	Joy	Sun	gounv	20150106	49118
Frank	Sinny	Sun	Sinny	travel	20150107	89735
Frank	Joy	Sinny	Sinny	launch	20150108	93034
Frank	Sinny	Glinda	Sinny	Ball	20150109	54860
Frank	Sun	Joy	Glinda	Ball	20150110	45656
Frank	Joy	Sinny	Sinny	traffic	20150111	3043
Frank	Glinda	Joy	Sun	travel	20150112	37330
Frank	Glinda	Sinny	Sinny	fubai	20150113	74354
Frank	Sun	Sinny	Joy	Ball	20150114	37580
Frank	Glinda	Joy	Joy	traffic	20150115	62216
Frank	Glinda	Joy	Sun	traffic	20150116	38367
Frank	Joy	Glinda	Sun	traffic	20150117	71377
Frank	Joy	Glinda	Sinny	gounv	20150118	91397
Frank	Glinda	Sinny	Sinny	launch	20150119	63263
Frank	Sun	Joy	Joy	travel	20150120	9548
Frank	Sun	Joy	Sinny	gounv	20150121	32736
Frank	Sun	Joy	Glinda	launch	20150122	22112
Frank	Sun	Sinny	Sun	travel	20150123	9462
Frank	Joy	Sinny	Sinny	Ball	20150124	34815
Frank	Glinda	Joy	Sinny	launch	20150125	74285
Frank	Glinda	Sun	Joy	fubai	20150126	18375
Frank	Glinda	Glinda	Sinny	Ball	20150127	17426
Frank	Glinda	Sun	Glinda	Ball	20150128	56020
Frank	Glinda	Glinda	Sun	travel	20150129	77537
Frank	Joy	Sinny	Joy	launch	20150130	86550
Frank	Glinda	Sinny	Glinda	gounv	20141201	15684
Frank	Glinda	Sun	Sun	traffic	20141202	86788
Frank	Sun	Sinny	Sinny	launch	20141203	32519
Frank	Sinny	Sinny	Joy	Ball	20141204	30
Frank	Glinda	Glinda	Sinny	gounv	20141205	3758
Frank	Sinny	Joy	Joy	launch	20141206	16215
Frank	Sun	Glinda	Sun	fubai	20141207	53109
Frank	Sinny	Sun	Glinda	launch	20141208	69936
Frank	Sun	Sinny	Sinny	traffic	20141209	33033
Frank	Sun	Glinda	Glinda	launch	20141210	50756
Frank	Glinda	Joy	Joy	fubai	20141211	53120
Frank	Glinda	Sun	Sinny	gounv	20141212	81631
Frank	Joy	Sun	Sun	travel	20141213	95076
Frank	Joy	Joy	Joy	traffic	20141214	72084
Frank	Sinny	Sun	Glinda	Ball	20141215	34720
Frank	Sinny	Glinda	Sun	launch	20141216	2209
Frank	Glinda	Sun	Sinny	launch	20141217	93206
Frank	Sun	Joy	Joy	Ball	20141218	6473
Frank	Sun	Glinda	Sinny	travel	20141219	30177
Frank	Sinny	Joy	Sinny	gounv	20141220	75436
Frank	Sinny	Joy	Joy	gounv	20141221	36515
Frank	Sun	Sun	Sun	launch	20141222	49541
Frank	Sun	Sun	Glinda	travel	20141223	61775
Frank	Joy	Sinny	Glinda	traffic	20141224	28131
Frank	Sun	Sun	Sinny	traffic	20141225	97489
Frank	Sun	Sun	Sinny	travel	20141226	17127
Frank	Joy	Joy	Sun	traffic	20141227	83835
Frank	Glinda	Sinny	Sun	Ball	20141228	51990
Frank	Sun	Sinny	Joy	travel	20141229	58675
Frank	Joy	Joy	Sinny	travel	20141230	9938
Frank	Glinda	Sinny	Sinny	fubai	20141231	5098
Frank	Joy	Sun	Sinny	fubai	20141101	5285
Frank	Joy	Joy	Sun	gounv	20141102	91512
Frank	Joy	Joy	Sinny	launch	20141103	48995
Frank	Sinny	Glinda	Sinny	travel	20141104	2796
Frank	Glinda	Sinny	Sinny	travel	20141105	91463
Frank	Sinny	Sun	Sinny	Ball	20141106	94478
Frank	Sun	Sinny	Sun	traffic	20141107	12326
Frank	Joy	Joy	Joy	launch	20141108	7271
Frank	Sinny	Joy	Glinda	traffic	20141109	26982
Frank	Sinny	Sinny	Sinny	traffic	20141110	70006
Frank	Glinda	Sun	Joy	launch	20141111	10057
Frank	Glinda	Joy	Sun	launch	20141112	48710
Frank	Sun	Joy	Sun	fubai	20141113	29775
Frank	Joy	Glinda	Joy	travel	20141114	59339
Frank	Sun	Joy	Joy	gounv	20141115	83340
Frank	Joy	Sinny	Joy	travel	20141116	10172
Frank	Glinda	Glinda	Joy	fubai	20141117	56697
Frank	Sun	Sinny	Glinda	travel	20141118	13548
Frank	Sun	Sun	Sinny	gounv	20141119	19984
Frank	Joy	Sun	Glinda	Ball	20141120	78024
Frank	Joy	Sun	Glinda	travel	20141121	46091
Frank	Sun	Joy	Glinda	travel	20141122	58540
Frank	Joy	Sinny	Glinda	Ball	20141123	24572
Frank	Glinda	Joy	Glinda	traffic	20141124	84534
Frank	Sinny	Sinny	Joy	fubai	20141125	78538
Frank	Joy	Sun	Glinda	Ball	20141126	81691
Frank	Joy	Joy	Sun	traffic	20141127	41793
Frank	Glinda	Glinda	Sun	fubai	20141128	48454
Frank	Glinda	Sinny	Glinda	Ball	20141129	54676
Frank	Sinny	Sun	Glinda	gounv	20141130	96090
Frank	Glinda	Sun	Glinda	gounv	20141001	24751
Frank	Glinda	Sun	Sinny	traffic	20141002	80292
Frank	Sun	Sinny	Sun	launch	20141003	17283
Frank	Glinda	Sinny	Sun	fubai	20141004	24970
Frank	Sun	Joy	Joy	Ball	20141005	74337
Frank	Sun	Glinda	Joy	traffic	20141006	4509
Frank	Joy	Sinny	Joy	Ball	20141007	31490
Frank	Glinda	Joy	Glinda	gounv	20141008	80636
Frank	Glinda	Sun	Joy	Ball	20141009	49648
Frank	Glinda	Sinny	Joy	travel	20140911	21117
Frank	Sinny	Joy	Glinda	traffic	20140912	7555
Frank	Glinda	Glinda	Joy	fubai	20140913	70949
Frank	Sun	Glinda	Joy	traffic	20140914	52155
Frank	Glinda	Joy	Joy	Ball	20140915	18247
Frank	Joy	Sinny	Glinda	travel	20140916	31516
Frank	Sun	Sinny	Sun	traffic	20140802	37526
Frank	Sun	Joy	Glinda	travel	20140803	35975
Frank	Glinda	Sun	Sinny	travel	20140804	79889
Frank	Sinny	Sinny	Joy	traffic	20140805	99324
Frank	Sun	Joy	Sun	traffic	20140806	27210
Frank	Glinda	Glinda	Sun	fubai	20140303	62521
Frank	Glinda	Sun	Sun	gounv	20140304	2968
Frank	Sinny	Glinda	Glinda	gounv	20140305	17620
Frank	Glinda	Joy	Sun	traffic	20140306	17307
Frank	Joy	Glinda	Sinny	travel	20140307	82626
Frank	Sun	Sun	Sun	fubai	20140308	73585
Frank	Joy	Sun	Sun	gounv	20140309	39294
Frank	Sun	Glinda	Sun	Ball	20140310	56127
Frank	Joy	Sinny	Sun	fubai	20140311	36678
Frank	Glinda	Sun	Sun	traffic	20140312	59609
Frank	Sun	Sinny	Sinny	Ball	20140313	76129
Frank	Sinny	Sinny	Joy	gounv	20140314	35591
Frank	Joy	Glinda	Joy	fubai	20130514	69400
Frank	Sinny	Glinda	Joy	fubai	20130314	42276
Frank	Joy	Sinny	Glinda	gounv	20130114	39567
Frank	Joy	Glinda	Joy	travel	20130814	24792
Frank	Sun	Sun	Sun	traffic	20131114	63695
Frank	Joy	Sun	Sun	traffic	20131214	22060
Frank	Glinda	Sun	Sun	launch	20130714	51089